DEBUG:root:Tick at time 1466711941.13492
DEBUG:root:Vote result:
Distribution {
(<io_sources.data_sources.AudioStream object at 0x03EAB190>, <io_sources.data_sources.VideoStream object at 0x03EAB270>)
	P=1.0

(<io_sources.data_sources.AudioStream object at 0x03E9DCF0>, <io_sources.data_sources.VideoStream object at 0x03EAB110>)
	P=1.0
}
DEBUG:root:Tick at time 1466711941.4747036
DEBUG:root:Vote result:
Distribution {
(<io_sources.data_sources.AudioStream object at 0x03EAB190>, <io_sources.data_sources.VideoStream object at 0x03EAB270>)
	P=1.0

(<io_sources.data_sources.AudioStream object at 0x03E9DCF0>, <io_sources.data_sources.VideoStream object at 0x03EAB110>)
	P=1.0
}
DEBUG:root:Tick at time 1466711941.583285
DEBUG:root:Vote result:
Distribution {
(<io_sources.data_sources.AudioStream object at 0x03EAB190>, <io_sources.data_sources.VideoStream object at 0x03EAB270>)
	P=1.0

(<io_sources.data_sources.AudioStream object at 0x03E9DCF0>, <io_sources.data_sources.VideoStream object at 0x03EAB110>)
	P=1.0
}
DEBUG:root:Tick at time 1466711941.7246883
DEBUG:root:Vote result:
Distribution {
(<io_sources.data_sources.AudioStream object at 0x03EAB190>, <io_sources.data_sources.VideoStream object at 0x03EAB270>)
	P=1.0

(<io_sources.data_sources.AudioStream object at 0x03E9DCF0>, <io_sources.data_sources.VideoStream object at 0x03EAB110>)
	P=1.0
}
DEBUG:root:Tick at time 1466711941.8485785
DEBUG:root:Vote result:
Distribution {
(<io_sources.data_sources.AudioStream object at 0x03EAB190>, <io_sources.data_sources.VideoStream object at 0x03EAB270>)
	P=0.0

(<io_sources.data_sources.AudioStream object at 0x03E9DCF0>, <io_sources.data_sources.VideoStream object at 0x03EAB110>)
	P=2.0
}
DEBUG:root:Tick at time 1466711941.9742184
DEBUG:root:Vote result:
Distribution {
(<io_sources.data_sources.AudioStream object at 0x03EAB190>, <io_sources.data_sources.VideoStream object at 0x03EAB270>)
	P=0.0

(<io_sources.data_sources.AudioStream object at 0x03E9DCF0>, <io_sources.data_sources.VideoStream object at 0x03EAB110>)
	P=2.0
}
DEBUG:root:Tick at time 1466711942.0366435
DEBUG:root:Vote result:
Distribution {
(<io_sources.data_sources.AudioStream object at 0x03EAB190>, <io_sources.data_sources.VideoStream object at 0x03EAB270>)
	P=0.0

(<io_sources.data_sources.AudioStream object at 0x03E9DCF0>, <io_sources.data_sources.VideoStream object at 0x03EAB110>)
	P=2.0
}
DEBUG:root:Tick at time 1466711942.0992281
DEBUG:root:Vote result:
Distribution {
(<io_sources.data_sources.AudioStream object at 0x03EAB190>, <io_sources.data_sources.VideoStream object at 0x03EAB270>)
	P=0.0

(<io_sources.data_sources.AudioStream object at 0x03E9DCF0>, <io_sources.data_sources.VideoStream object at 0x03EAB110>)
	P=2.0
}
DEBUG:root:Tick at time 1466711942.1462104
DEBUG:root:Vote result:
Distribution {
(<io_sources.data_sources.AudioStream object at 0x03EAB190>, <io_sources.data_sources.VideoStream object at 0x03EAB270>)
	P=0.0

(<io_sources.data_sources.AudioStream object at 0x03E9DCF0>, <io_sources.data_sources.VideoStream object at 0x03EAB110>)
	P=2.0
}
DEBUG:root:Tick at time 1466711942.2082498
DEBUG:root:Vote result:
Distribution {
(<io_sources.data_sources.AudioStream object at 0x03EAB190>, <io_sources.data_sources.VideoStream object at 0x03EAB270>)
	P=0.0

(<io_sources.data_sources.AudioStream object at 0x03E9DCF0>, <io_sources.data_sources.VideoStream object at 0x03EAB110>)
	P=2.0
}
DEBUG:root:Tick at time 1466711942.2556384
DEBUG:root:Vote result:
Distribution {
(<io_sources.data_sources.AudioStream object at 0x03EAB190>, <io_sources.data_sources.VideoStream object at 0x03EAB270>)
	P=0.0

(<io_sources.data_sources.AudioStream object at 0x03E9DCF0>, <io_sources.data_sources.VideoStream object at 0x03EAB110>)
	P=2.0
}
DEBUG:root:Tick at time 1466711942.3183675
DEBUG:root:Vote result:
Distribution {
(<io_sources.data_sources.AudioStream object at 0x03EAB190>, <io_sources.data_sources.VideoStream object at 0x03EAB270>)
	P=0.0

(<io_sources.data_sources.AudioStream object at 0x03E9DCF0>, <io_sources.data_sources.VideoStream object at 0x03EAB110>)
	P=2.0
}
DEBUG:root:Tick at time 1466711942.3798828
DEBUG:root:Vote result:
Distribution {
(<io_sources.data_sources.AudioStream object at 0x03EAB190>, <io_sources.data_sources.VideoStream object at 0x03EAB270>)
	P=0.0

(<io_sources.data_sources.AudioStream object at 0x03E9DCF0>, <io_sources.data_sources.VideoStream object at 0x03EAB110>)
	P=2.0
}
DEBUG:root:Tick at time 1466711942.443182
DEBUG:root:Vote result:
Distribution {
(<io_sources.data_sources.AudioStream object at 0x03EAB190>, <io_sources.data_sources.VideoStream object at 0x03EAB270>)
	P=0.0

(<io_sources.data_sources.AudioStream object at 0x03E9DCF0>, <io_sources.data_sources.VideoStream object at 0x03EAB110>)
	P=2.0
}
DEBUG:root:Tick at time 1466711942.504628
DEBUG:root:Vote result:
Distribution {
(<io_sources.data_sources.AudioStream object at 0x03EAB190>, <io_sources.data_sources.VideoStream object at 0x03EAB270>)
	P=0.0

(<io_sources.data_sources.AudioStream object at 0x03E9DCF0>, <io_sources.data_sources.VideoStream object at 0x03EAB110>)
	P=2.0
}
DEBUG:root:Tick at time 1466711942.5676067
DEBUG:root:Vote result:
Distribution {
(<io_sources.data_sources.AudioStream object at 0x03EAB190>, <io_sources.data_sources.VideoStream object at 0x03EAB270>)
	P=0.0

(<io_sources.data_sources.AudioStream object at 0x03E9DCF0>, <io_sources.data_sources.VideoStream object at 0x03EAB110>)
	P=2.0
}
DEBUG:root:Tick at time 1466711942.6139548
DEBUG:root:Vote result:
Distribution {
(<io_sources.data_sources.AudioStream object at 0x03EAB190>, <io_sources.data_sources.VideoStream object at 0x03EAB270>)
	P=0.0

(<io_sources.data_sources.AudioStream object at 0x03E9DCF0>, <io_sources.data_sources.VideoStream object at 0x03EAB110>)
	P=2.0
}
DEBUG:root:Tick at time 1466711942.6768095
DEBUG:root:Vote result:
Distribution {
(<io_sources.data_sources.AudioStream object at 0x03EAB190>, <io_sources.data_sources.VideoStream object at 0x03EAB270>)
	P=0.0

(<io_sources.data_sources.AudioStream object at 0x03E9DCF0>, <io_sources.data_sources.VideoStream object at 0x03EAB110>)
	P=2.0
}
DEBUG:root:Tick at time 1466711942.7242527
DEBUG:root:Vote result:
Distribution {
(<io_sources.data_sources.AudioStream object at 0x03EAB190>, <io_sources.data_sources.VideoStream object at 0x03EAB270>)
	P=0.0

(<io_sources.data_sources.AudioStream object at 0x03E9DCF0>, <io_sources.data_sources.VideoStream object at 0x03EAB110>)
	P=2.0
}
DEBUG:root:Tick at time 1466711942.7859838
DEBUG:root:Vote result:
Distribution {
(<io_sources.data_sources.AudioStream object at 0x03EAB190>, <io_sources.data_sources.VideoStream object at 0x03EAB270>)
	P=0.0

(<io_sources.data_sources.AudioStream object at 0x03E9DCF0>, <io_sources.data_sources.VideoStream object at 0x03EAB110>)
	P=2.0
}
DEBUG:root:Tick at time 1466711942.848734
DEBUG:root:Vote result:
Distribution {
(<io_sources.data_sources.AudioStream object at 0x03EAB190>, <io_sources.data_sources.VideoStream object at 0x03EAB270>)
	P=0.0

(<io_sources.data_sources.AudioStream object at 0x03E9DCF0>, <io_sources.data_sources.VideoStream object at 0x03EAB110>)
	P=2.0
}
DEBUG:root:Tick at time 1466711942.8953226
DEBUG:root:Vote result:
Distribution {
(<io_sources.data_sources.AudioStream object at 0x03EAB190>, <io_sources.data_sources.VideoStream object at 0x03EAB270>)
	P=0.0

(<io_sources.data_sources.AudioStream object at 0x03E9DCF0>, <io_sources.data_sources.VideoStream object at 0x03EAB110>)
	P=2.0
}
DEBUG:root:Tick at time 1466711942.9577882
DEBUG:root:Vote result:
Distribution {
(<io_sources.data_sources.AudioStream object at 0x03EAB190>, <io_sources.data_sources.VideoStream object at 0x03EAB270>)
	P=0.0

(<io_sources.data_sources.AudioStream object at 0x03E9DCF0>, <io_sources.data_sources.VideoStream object at 0x03EAB110>)
	P=2.0
}
DEBUG:root:Tick at time 1466711943.004747
DEBUG:root:Vote result:
Distribution {
(<io_sources.data_sources.AudioStream object at 0x03EAB190>, <io_sources.data_sources.VideoStream object at 0x03EAB270>)
	P=0.0

(<io_sources.data_sources.AudioStream object at 0x03E9DCF0>, <io_sources.data_sources.VideoStream object at 0x03EAB110>)
	P=2.0
}
DEBUG:root:Tick at time 1466711943.0532434
DEBUG:root:Vote result:
Distribution {
(<io_sources.data_sources.AudioStream object at 0x03EAB190>, <io_sources.data_sources.VideoStream object at 0x03EAB270>)
	P=0.0

(<io_sources.data_sources.AudioStream object at 0x03E9DCF0>, <io_sources.data_sources.VideoStream object at 0x03EAB110>)
	P=2.0
}
DEBUG:root:Tick at time 1466711943.1142972
DEBUG:root:Vote result:
Distribution {
(<io_sources.data_sources.AudioStream object at 0x03EAB190>, <io_sources.data_sources.VideoStream object at 0x03EAB270>)
	P=0.0

(<io_sources.data_sources.AudioStream object at 0x03E9DCF0>, <io_sources.data_sources.VideoStream object at 0x03EAB110>)
	P=2.0
}
DEBUG:root:Tick at time 1466711943.1772456
DEBUG:root:Vote result:
Distribution {
(<io_sources.data_sources.AudioStream object at 0x03EAB190>, <io_sources.data_sources.VideoStream object at 0x03EAB270>)
	P=0.0

(<io_sources.data_sources.AudioStream object at 0x03E9DCF0>, <io_sources.data_sources.VideoStream object at 0x03EAB110>)
	P=2.0
}
DEBUG:root:Tick at time 1466711943.2247496
DEBUG:root:Vote result:
Distribution {
(<io_sources.data_sources.AudioStream object at 0x03EAB190>, <io_sources.data_sources.VideoStream object at 0x03EAB270>)
	P=0.0

(<io_sources.data_sources.AudioStream object at 0x03E9DCF0>, <io_sources.data_sources.VideoStream object at 0x03EAB110>)
	P=2.0
}
DEBUG:root:Tick at time 1466711943.270304
DEBUG:root:Vote result:
Distribution {
(<io_sources.data_sources.AudioStream object at 0x03EAB190>, <io_sources.data_sources.VideoStream object at 0x03EAB270>)
	P=0.0

(<io_sources.data_sources.AudioStream object at 0x03E9DCF0>, <io_sources.data_sources.VideoStream object at 0x03EAB110>)
	P=2.0
}
DEBUG:root:Tick at time 1466711943.334093
DEBUG:root:Vote result:
Distribution {
(<io_sources.data_sources.AudioStream object at 0x03EAB190>, <io_sources.data_sources.VideoStream object at 0x03EAB270>)
	P=0.0

(<io_sources.data_sources.AudioStream object at 0x03E9DCF0>, <io_sources.data_sources.VideoStream object at 0x03EAB110>)
	P=2.0
}
DEBUG:root:Tick at time 1466711943.3962255
DEBUG:root:Vote result:
Distribution {
(<io_sources.data_sources.AudioStream object at 0x03EAB190>, <io_sources.data_sources.VideoStream object at 0x03EAB270>)
	P=0.0

(<io_sources.data_sources.AudioStream object at 0x03E9DCF0>, <io_sources.data_sources.VideoStream object at 0x03EAB110>)
	P=2.0
}
DEBUG:root:Tick at time 1466711943.4432697
DEBUG:root:Vote result:
Distribution {
(<io_sources.data_sources.AudioStream object at 0x03EAB190>, <io_sources.data_sources.VideoStream object at 0x03EAB270>)
	P=0.0

(<io_sources.data_sources.AudioStream object at 0x03E9DCF0>, <io_sources.data_sources.VideoStream object at 0x03EAB110>)
	P=2.0
}
DEBUG:root:Tick at time 1466711943.505319
DEBUG:root:Vote result:
Distribution {
(<io_sources.data_sources.AudioStream object at 0x03EAB190>, <io_sources.data_sources.VideoStream object at 0x03EAB270>)
	P=0.0

(<io_sources.data_sources.AudioStream object at 0x03E9DCF0>, <io_sources.data_sources.VideoStream object at 0x03EAB110>)
	P=2.0
}
DEBUG:root:Tick at time 1466711943.567258
DEBUG:root:Vote result:
Distribution {
(<io_sources.data_sources.AudioStream object at 0x03EAB190>, <io_sources.data_sources.VideoStream object at 0x03EAB270>)
	P=0.0

(<io_sources.data_sources.AudioStream object at 0x03E9DCF0>, <io_sources.data_sources.VideoStream object at 0x03EAB110>)
	P=2.0
}
DEBUG:root:Tick at time 1466711943.614383
DEBUG:root:Vote result:
Distribution {
(<io_sources.data_sources.AudioStream object at 0x03EAB190>, <io_sources.data_sources.VideoStream object at 0x03EAB270>)
	P=0.0

(<io_sources.data_sources.AudioStream object at 0x03E9DCF0>, <io_sources.data_sources.VideoStream object at 0x03EAB110>)
	P=2.0
}
DEBUG:root:Tick at time 1466711943.677466
DEBUG:root:Vote result:
Distribution {
(<io_sources.data_sources.AudioStream object at 0x03EAB190>, <io_sources.data_sources.VideoStream object at 0x03EAB270>)
	P=0.0

(<io_sources.data_sources.AudioStream object at 0x03E9DCF0>, <io_sources.data_sources.VideoStream object at 0x03EAB110>)
	P=2.0
}
DEBUG:root:Tick at time 1466711943.723324
DEBUG:root:Vote result:
Distribution {
(<io_sources.data_sources.AudioStream object at 0x03EAB190>, <io_sources.data_sources.VideoStream object at 0x03EAB270>)
	P=0.0

(<io_sources.data_sources.AudioStream object at 0x03E9DCF0>, <io_sources.data_sources.VideoStream object at 0x03EAB110>)
	P=2.0
}
DEBUG:root:Tick at time 1466711943.7862692
DEBUG:root:Vote result:
Distribution {
(<io_sources.data_sources.AudioStream object at 0x03EAB190>, <io_sources.data_sources.VideoStream object at 0x03EAB270>)
	P=0.0

(<io_sources.data_sources.AudioStream object at 0x03E9DCF0>, <io_sources.data_sources.VideoStream object at 0x03EAB110>)
	P=2.0
}
DEBUG:root:Tick at time 1466711943.8490894
DEBUG:root:Vote result:
Distribution {
(<io_sources.data_sources.AudioStream object at 0x03EAB190>, <io_sources.data_sources.VideoStream object at 0x03EAB270>)
	P=0.0

(<io_sources.data_sources.AudioStream object at 0x03E9DCF0>, <io_sources.data_sources.VideoStream object at 0x03EAB110>)
	P=2.0
}
DEBUG:root:Tick at time 1466711943.8966398
DEBUG:root:Vote result:
Distribution {
(<io_sources.data_sources.AudioStream object at 0x03EAB190>, <io_sources.data_sources.VideoStream object at 0x03EAB270>)
	P=0.0

(<io_sources.data_sources.AudioStream object at 0x03E9DCF0>, <io_sources.data_sources.VideoStream object at 0x03EAB110>)
	P=2.0
}
DEBUG:root:Tick at time 1466711943.9577756
DEBUG:root:Vote result:
Distribution {
(<io_sources.data_sources.AudioStream object at 0x03EAB190>, <io_sources.data_sources.VideoStream object at 0x03EAB270>)
	P=0.0

(<io_sources.data_sources.AudioStream object at 0x03E9DCF0>, <io_sources.data_sources.VideoStream object at 0x03EAB110>)
	P=2.0
}
DEBUG:root:Tick at time 1466711944.004838
DEBUG:root:Vote result:
Distribution {
(<io_sources.data_sources.AudioStream object at 0x03EAB190>, <io_sources.data_sources.VideoStream object at 0x03EAB270>)
	P=0.0

(<io_sources.data_sources.AudioStream object at 0x03E9DCF0>, <io_sources.data_sources.VideoStream object at 0x03EAB110>)
	P=2.0
}
DEBUG:root:Tick at time 1466711944.0683036
DEBUG:root:Vote result:
Distribution {
(<io_sources.data_sources.AudioStream object at 0x03EAB190>, <io_sources.data_sources.VideoStream object at 0x03EAB270>)
	P=0.0

(<io_sources.data_sources.AudioStream object at 0x03E9DCF0>, <io_sources.data_sources.VideoStream object at 0x03EAB110>)
	P=2.0
}
DEBUG:root:Tick at time 1466711944.1146717
DEBUG:root:Vote result:
Distribution {
(<io_sources.data_sources.AudioStream object at 0x03EAB190>, <io_sources.data_sources.VideoStream object at 0x03EAB270>)
	P=0.0

(<io_sources.data_sources.AudioStream object at 0x03E9DCF0>, <io_sources.data_sources.VideoStream object at 0x03EAB110>)
	P=2.0
}
